outputs/logs/manifest-merger-release-report.txt
-- Merging decision tree log ---
meta-data#com.google.android.geo.API_KEY
INJECTED from src/main/AndroidManifest.xml:28:9-30:47
	android:value
		INJECTED from src/main/AndroidManifest.xml
		ADDED from src/main/AndroidManifest.xml:30:13-44
	android:name
		ADDED from src/main/AndroidManifest.xml:29:13-58
manifest
ADDED from src/main/AndroidManifest.xml:2:1-44:12
INJECTED from src/main/AndroidManifest.xml:2:1-44:12
INJECTED from src/main/AndroidManifest.xml:2:1-44:12
INJECTED from src/main/AndroidManifest.xml:2:1-44:12
MERGED from [androidx.databinding:viewbinding:7.1.0] AndroidManifest.xml:17:1-24:12
MERGED from [com.github.yuriy-budiyev:code-scanner:2.1.1] AndroidManifest.xml:2:1-9:12
MERGED from [androidx.navigation:navigation-ui:2.4.0] AndroidManifest.xml:17:1-24:12
MERGED from [com.google.android.material:material:1.5.0] AndroidManifest.xml:17:1-24:12
MERGED from [androidx.constraintlayout:constraintlayout:2.1.3] AndroidManifest.xml:2:1-11:12
MERGED from [androidx.appcompat:appcompat:1.4.1] AndroidManifest.xml:17:1-24:12
MERGED from [com.google.android.gms:play-services-maps:17.0.1] AndroidManifest.xml:17:1-44:12
MERGED from [com.google.firebase:firebase-firestore:24.0.1] AndroidManifest.xml:2:1-26:12
MERGED from [androidx.lifecycle:lifecycle-livedata-ktx:2.4.0] AndroidManifest.xml:17:1-24:12
MERGED from [androidx.navigation:navigation-fragment:2.4.0] AndroidManifest.xml:17:1-24:12
MERGED from [androidx.fragment:fragment-ktx:1.4.0] AndroidManifest.xml:17:1-24:12
MERGED from [androidx.navigation:navigation-runtime:2.4.0] AndroidManifest.xml:17:1-24:12
MERGED from [androidx.activity:activity-ktx:1.2.3] AndroidManifest.xml:17:1-24:12
MERGED from [androidx.navigation:navigation-common:2.4.0] AndroidManifest.xml:17:1-24:12
MERGED from [androidx.lifecycle:lifecycle-viewmodel-ktx:2.4.0] AndroidManifest.xml:17:1-24:12
MERGED from [androidx.viewpager2:viewpager2:1.0.0] AndroidManifest.xml:17:1-24:12
MERGED from [com.google.firebase:firebase-appcheck-interop:16.0.0-beta02] AndroidManifest.xml:15:1-26:12
MERGED from [com.google.firebase:firebase-auth-interop:19.0.2] AndroidManifest.xml:2:1-10:12
MERGED from [com.google.firebase:firebase-common:20.0.0] AndroidManifest.xml:15:1-40:12
MERGED from [com.google.firebase:firebase-database-collection:18.0.0] AndroidManifest.xml:2:1-9:12
MERGED from [com.google.android.gms:play-services-base:17.1.0] AndroidManifest.xml:17:1-29:12
MERGED from [com.google.android.gms:play-services-tasks:17.0.0] AndroidManifest.xml:2:1-9:12
MERGED from [com.google.android.gms:play-services-basement:17.0.0] AndroidManifest.xml:17:1-28:12
MERGED from [androidx.fragment:fragment:1.4.0] AndroidManifest.xml:17:1-24:12
MERGED from [androidx.activity:activity:1.2.4] AndroidManifest.xml:17:1-24:12
MERGED from [androidx.appcompat:appcompat-resources:1.4.1] AndroidManifest.xml:17:1-24:12
MERGED from [androidx.emoji2:emoji2-views-helper:1.0.0] AndroidManifest.xml:17:1-24:12
MERGED from [androidx.emoji2:emoji2:1.0.0] AndroidManifest.xml:17:1-37:12
MERGED from [androidx.drawerlayout:drawerlayout:1.1.1] AndroidManifest.xml:17:1-24:12
MERGED from [androidx.coordinatorlayout:coordinatorlayout:1.1.0] AndroidManifest.xml:17:1-24:12
MERGED from [androidx.dynamicanimation:dynamicanimation:1.0.0] AndroidManifest.xml:17:1-22:12
MERGED from [androidx.vectordrawable:vectordrawable-animated:1.1.0] AndroidManifest.xml:17:1-24:12
MERGED from [androidx.vectordrawable:vectordrawable:1.1.0] AndroidManifest.xml:17:1-24:12
MERGED from [androidx.slidingpanelayout:slidingpanelayout:1.2.0] AndroidManifest.xml:17:1-24:12
MERGED from [androidx.recyclerview:recyclerview:1.1.0] AndroidManifest.xml:17:1-24:12
MERGED from [androidx.viewpager:viewpager:1.0.0] AndroidManifest.xml:17:1-22:12
MERGED from [androidx.customview:customview:1.1.0] AndroidManifest.xml:17:1-24:12
MERGED from [androidx.legacy:legacy-support-core-utils:1.0.0] AndroidManifest.xml:17:1-22:12
MERGED from [androidx.core:core-ktx:1.2.0] AndroidManifest.xml:2:1-9:12
MERGED from [androidx.transition:transition:1.4.1] AndroidManifest.xml:17:1-24:12
MERGED from [androidx.window:window:1.0.0] AndroidManifest.xml:17:1-33:12
MERGED from [androidx.loader:loader:1.0.0] AndroidManifest.xml:17:1-22:12
MERGED from [androidx.core:core:1.7.0] AndroidManifest.xml:17:1-26:12
MERGED from [androidx.cursoradapter:cursoradapter:1.0.0] AndroidManifest.xml:17:1-22:12
MERGED from [androidx.lifecycle:lifecycle-viewmodel-savedstate:2.3.1] AndroidManifest.xml:17:1-24:12
MERGED from [androidx.savedstate:savedstate-ktx:1.1.0] AndroidManifest.xml:17:1-24:12
MERGED from [androidx.savedstate:savedstate:1.1.0] AndroidManifest.xml:17:1-24:12
MERGED from [androidx.cardview:cardview:1.0.0] AndroidManifest.xml:17:1-22:12
MERGED from [com.google.firebase:firebase-components:17.0.0] AndroidManifest.xml:15:1-23:12
MERGED from [androidx.lifecycle:lifecycle-viewmodel:2.4.0] AndroidManifest.xml:17:1-24:12
MERGED from [androidx.versionedparcelable:versionedparcelable:1.1.1] AndroidManifest.xml:17:1-27:12
MERGED from [androidx.lifecycle:lifecycle-process:2.4.0] AndroidManifest.xml:17:1-37:12
MERGED from [androidx.startup:startup-runtime:1.0.0] AndroidManifest.xml:17:1-33:12
MERGED from [androidx.tracing:tracing:1.0.0] AndroidManifest.xml:17:1-24:12
MERGED from [androidx.lifecycle:lifecycle-livedata:2.4.0] AndroidManifest.xml:17:1-24:12
MERGED from [androidx.lifecycle:lifecycle-livedata-core-ktx:2.4.0] AndroidManifest.xml:17:1-24:12
MERGED from [androidx.lifecycle:lifecycle-livedata-core:2.4.0] AndroidManifest.xml:17:1-24:12
MERGED from [androidx.lifecycle:lifecycle-runtime-ktx:2.3.1] AndroidManifest.xml:17:1-24:12
MERGED from [androidx.lifecycle:lifecycle-runtime:2.4.0] AndroidManifest.xml:17:1-24:12
MERGED from [androidx.arch.core:core-runtime:2.1.0] AndroidManifest.xml:17:1-24:12
MERGED from [androidx.interpolator:interpolator:1.0.0] AndroidManifest.xml:17:1-22:12
MERGED from [androidx.documentfile:documentfile:1.0.0] AndroidManifest.xml:17:1-22:12
MERGED from [androidx.localbroadcastmanager:localbroadcastmanager:1.0.0] AndroidManifest.xml:17:1-22:12
MERGED from [androidx.print:print:1.0.0] AndroidManifest.xml:17:1-22:12
MERGED from [androidx.annotation:annotation-experimental:1.1.0] AndroidManifest.xml:17:1-24:12
MERGED from [com.google.firebase:protolite-well-known-types:18.0.0] AndroidManifest.xml:2:1-11:12
MERGED from [io.grpc:grpc-android:1.41.0] AndroidManifest.xml:2:1-13:12
INJECTED from src/main/AndroidManifest.xml:2:1-44:12
INJECTED from src/main/AndroidManifest.xml:2:1-44:12
INJECTED from src/main/AndroidManifest.xml:2:1-44:12
	package
		ADDED from src/main/AndroidManifest.xml:3:5-32
		INJECTED from src/main/AndroidManifest.xml
		INJECTED from src/main/AndroidManifest.xml
	android:versionName
		INJECTED from src/main/AndroidManifest.xml
		ADDED from src/main/AndroidManifest.xml:2:1-44:12
		INJECTED from src/main/AndroidManifest.xml
	android:versionCode
		INJECTED from src/main/AndroidManifest.xml
		ADDED from src/main/AndroidManifest.xml:2:1-44:12
		INJECTED from src/main/AndroidManifest.xml
	xmlns:android
		ADDED from src/main/AndroidManifest.xml:2:11-69
uses-permission#android.permission.ACCESS_COARSE_LOCATION
ADDED from src/main/AndroidManifest.xml:5:5-81
	android:name
		ADDED from src/main/AndroidManifest.xml:5:22-78
uses-permission#android.permission.ACCESS_FINE_LOCATION
ADDED from src/main/AndroidManifest.xml:6:5-79
	android:name
		ADDED from src/main/AndroidManifest.xml:6:22-76
uses-permission#android.permission.CAMERA
ADDED from src/main/AndroidManifest.xml:7:5-64
	android:name
		ADDED from src/main/AndroidManifest.xml:7:22-62
uses-feature#android.hardware.camera
ADDED from src/main/AndroidManifest.xml:8:5-10:35
	android:required
		ADDED from src/main/AndroidManifest.xml:10:9-33
	android:name
		ADDED from src/main/AndroidManifest.xml:9:9-47
application
ADDED from src/main/AndroidManifest.xml:12:5-42:19
MERGED from [com.google.android.material:material:1.5.0] AndroidManifest.xml:22:5-20
MERGED from [com.google.android.material:material:1.5.0] AndroidManifest.xml:22:5-20
MERGED from [androidx.constraintlayout:constraintlayout:2.1.3] AndroidManifest.xml:9:5-20
MERGED from [androidx.constraintlayout:constraintlayout:2.1.3] AndroidManifest.xml:9:5-20
MERGED from [com.google.android.gms:play-services-maps:17.0.1] AndroidManifest.xml:36:5-42:19
MERGED from [com.google.android.gms:play-services-maps:17.0.1] AndroidManifest.xml:36:5-42:19
MERGED from [com.google.firebase:firebase-firestore:24.0.1] AndroidManifest.xml:16:5-24:19
MERGED from [com.google.firebase:firebase-firestore:24.0.1] AndroidManifest.xml:16:5-24:19
MERGED from [com.google.firebase:firebase-appcheck-interop:16.0.0-beta02] AndroidManifest.xml:24:5-20
MERGED from [com.google.firebase:firebase-appcheck-interop:16.0.0-beta02] AndroidManifest.xml:24:5-20
MERGED from [com.google.firebase:firebase-auth-interop:19.0.2] AndroidManifest.xml:7:5-8:19
MERGED from [com.google.firebase:firebase-auth-interop:19.0.2] AndroidManifest.xml:7:5-8:19
MERGED from [com.google.firebase:firebase-common:20.0.0] AndroidManifest.xml:25:5-38:19
MERGED from [com.google.firebase:firebase-common:20.0.0] AndroidManifest.xml:25:5-38:19
MERGED from [com.google.android.gms:play-services-base:17.1.0] AndroidManifest.xml:22:5-27:19
MERGED from [com.google.android.gms:play-services-base:17.1.0] AndroidManifest.xml:22:5-27:19
MERGED from [com.google.android.gms:play-services-tasks:17.0.0] AndroidManifest.xml:7:5-20
MERGED from [com.google.android.gms:play-services-tasks:17.0.0] AndroidManifest.xml:7:5-20
MERGED from [com.google.android.gms:play-services-basement:17.0.0] AndroidManifest.xml:22:5-26:19
MERGED from [com.google.android.gms:play-services-basement:17.0.0] AndroidManifest.xml:22:5-26:19
MERGED from [androidx.emoji2:emoji2:1.0.0] AndroidManifest.xml:25:5-35:19
MERGED from [androidx.emoji2:emoji2:1.0.0] AndroidManifest.xml:25:5-35:19
MERGED from [androidx.window:window:1.0.0] AndroidManifest.xml:24:5-31:19
MERGED from [androidx.window:window:1.0.0] AndroidManifest.xml:24:5-31:19
MERGED from [androidx.core:core:1.7.0] AndroidManifest.xml:24:5-89
MERGED from [androidx.core:core:1.7.0] AndroidManifest.xml:24:5-89
MERGED from [androidx.versionedparcelable:versionedparcelable:1.1.1] AndroidManifest.xml:24:5-25:19
MERGED from [androidx.versionedparcelable:versionedparcelable:1.1.1] AndroidManifest.xml:24:5-25:19
MERGED from [androidx.lifecycle:lifecycle-process:2.4.0] AndroidManifest.xml:25:5-35:19
MERGED from [androidx.lifecycle:lifecycle-process:2.4.0] AndroidManifest.xml:25:5-35:19
MERGED from [androidx.startup:startup-runtime:1.0.0] AndroidManifest.xml:25:5-31:19
MERGED from [androidx.startup:startup-runtime:1.0.0] AndroidManifest.xml:25:5-31:19
	android:appComponentFactory
		ADDED from [androidx.core:core:1.7.0] AndroidManifest.xml:24:18-86
	android:supportsRtl
		ADDED from src/main/AndroidManifest.xml:17:9-35
	android:label
		ADDED from src/main/AndroidManifest.xml:15:9-41
	android:roundIcon
		ADDED from src/main/AndroidManifest.xml:16:9-54
	android:icon
		ADDED from src/main/AndroidManifest.xml:14:9-43
	android:allowBackup
		ADDED from src/main/AndroidManifest.xml:13:9-35
	android:theme
		ADDED from src/main/AndroidManifest.xml:18:9-42
activity#com.example.qr_go.NewGameQRActivity
ADDED from src/main/AndroidManifest.xml:19:9-22:67
	android:parentActivityName
		ADDED from src/main/AndroidManifest.xml:22:13-64
	android:exported
		ADDED from src/main/AndroidManifest.xml:21:13-37
	android:name
		ADDED from src/main/AndroidManifest.xml:20:13-46
activity#com.example.qr_go.QRCodeScannerActivity
ADDED from src/main/AndroidManifest.xml:23:9-26:58
	android:parentActivityName
		ADDED from src/main/AndroidManifest.xml:26:13-55
	android:exported
		ADDED from src/main/AndroidManifest.xml:25:13-37
	android:name
		ADDED from src/main/AndroidManifest.xml:24:13-50
activity#com.example.qr_go.MapsActivity
ADDED from src/main/AndroidManifest.xml:32:9-41:20
	android:label
		ADDED from src/main/AndroidManifest.xml:35:13-56
	android:exported
		ADDED from src/main/AndroidManifest.xml:34:13-36
	android:name
		ADDED from src/main/AndroidManifest.xml:33:13-41
intent-filter#action:name:android.intent.action.MAIN+category:name:android.intent.category.LAUNCHER
ADDED from src/main/AndroidManifest.xml:36:13-40:29
action#android.intent.action.MAIN
ADDED from src/main/AndroidManifest.xml:37:17-69
	android:name
		ADDED from src/main/AndroidManifest.xml:37:25-66
category#android.intent.category.LAUNCHER
ADDED from src/main/AndroidManifest.xml:39:17-77
	android:name
		ADDED from src/main/AndroidManifest.xml:39:27-74
uses-sdk
INJECTED from src/main/AndroidManifest.xml reason: use-sdk injection requested
INJECTED from src/main/AndroidManifest.xml
INJECTED from src/main/AndroidManifest.xml
MERGED from [androidx.databinding:viewbinding:7.1.0] AndroidManifest.xml:20:5-22:41
MERGED from [androidx.databinding:viewbinding:7.1.0] AndroidManifest.xml:20:5-22:41
MERGED from [com.github.yuriy-budiyev:code-scanner:2.1.1] AndroidManifest.xml:5:5-7:41
MERGED from [com.github.yuriy-budiyev:code-scanner:2.1.1] AndroidManifest.xml:5:5-7:41
MERGED from [androidx.navigation:navigation-ui:2.4.0] AndroidManifest.xml:20:5-22:41
MERGED from [androidx.navigation:navigation-ui:2.4.0] AndroidManifest.xml:20:5-22:41
MERGED from [com.google.android.material:material:1.5.0] AndroidManifest.xml:20:5-44
MERGED from [com.google.android.material:material:1.5.0] AndroidManifest.xml:20:5-44
MERGED from [androidx.constraintlayout:constraintlayout:2.1.3] AndroidManifest.xml:5:5-7:41
MERGED from [androidx.constraintlayout:constraintlayout:2.1.3] AndroidManifest.xml:5:5-7:41
MERGED from [androidx.appcompat:appcompat:1.4.1] AndroidManifest.xml:20:5-22:41
MERGED from [androidx.appcompat:appcompat:1.4.1] AndroidManifest.xml:20:5-22:41
MERGED from [com.google.android.gms:play-services-maps:17.0.1] AndroidManifest.xml:20:5-44
MERGED from [com.google.android.gms:play-services-maps:17.0.1] AndroidManifest.xml:20:5-44
MERGED from [com.google.firebase:firebase-firestore:24.0.1] AndroidManifest.xml:7:5-9:41
MERGED from [com.google.firebase:firebase-firestore:24.0.1] AndroidManifest.xml:7:5-9:41
MERGED from [androidx.lifecycle:lifecycle-livedata-ktx:2.4.0] AndroidManifest.xml:20:5-22:41
MERGED from [androidx.lifecycle:lifecycle-livedata-ktx:2.4.0] AndroidManifest.xml:20:5-22:41
MERGED from [androidx.navigation:navigation-fragment:2.4.0] AndroidManifest.xml:20:5-22:41
MERGED from [androidx.navigation:navigation-fragment:2.4.0] AndroidManifest.xml:20:5-22:41
MERGED from [androidx.fragment:fragment-ktx:1.4.0] AndroidManifest.xml:20:5-22:41
MERGED from [androidx.fragment:fragment-ktx:1.4.0] AndroidManifest.xml:20:5-22:41
MERGED from [androidx.navigation:navigation-runtime:2.4.0] AndroidManifest.xml:20:5-22:41
MERGED from [androidx.navigation:navigation-runtime:2.4.0] AndroidManifest.xml:20:5-22:41
MERGED from [androidx.activity:activity-ktx:1.2.3] AndroidManifest.xml:20:5-22:41
MERGED from [androidx.activity:activity-ktx:1.2.3] AndroidManifest.xml:20:5-22:41
MERGED from [androidx.navigation:navigation-common:2.4.0] AndroidManifest.xml:20:5-22:41
MERGED from [androidx.navigation:navigation-common:2.4.0] AndroidManifest.xml:20:5-22:41
MERGED from [androidx.lifecycle:lifecycle-viewmodel-ktx:2.4.0] AndroidManifest.xml:20:5-22:41
MERGED from [androidx.lifecycle:lifecycle-viewmodel-ktx:2.4.0] AndroidManifest.xml:20:5-22:41
MERGED from [androidx.viewpager2:viewpager2:1.0.0] AndroidManifest.xml:20:5-22:41
MERGED from [androidx.viewpager2:viewpager2:1.0.0] AndroidManifest.xml:20:5-22:41
MERGED from [com.google.firebase:firebase-appcheck-interop:16.0.0-beta02] AndroidManifest.xml:19:5-21:41
MERGED from [com.google.firebase:firebase-appcheck-interop:16.0.0-beta02] AndroidManifest.xml:19:5-21:41
MERGED from [com.google.firebase:firebase-auth-interop:19.0.2] AndroidManifest.xml:5:5-44
MERGED from [com.google.firebase:firebase-auth-interop:19.0.2] AndroidManifest.xml:5:5-44
MERGED from [com.google.firebase:firebase-common:20.0.0] AndroidManifest.xml:20:5-22:41
MERGED from [com.google.firebase:firebase-common:20.0.0] AndroidManifest.xml:20:5-22:41
MERGED from [com.google.firebase:firebase-database-collection:18.0.0] AndroidManifest.xml:5:5-7:41
MERGED from [com.google.firebase:firebase-database-collection:18.0.0] AndroidManifest.xml:5:5-7:41
MERGED from [com.google.android.gms:play-services-base:17.1.0] AndroidManifest.xml:20:5-44
MERGED from [com.google.android.gms:play-services-base:17.1.0] AndroidManifest.xml:20:5-44
MERGED from [com.google.android.gms:play-services-tasks:17.0.0] AndroidManifest.xml:5:5-44
MERGED from [com.google.android.gms:play-services-tasks:17.0.0] AndroidManifest.xml:5:5-44
MERGED from [com.google.android.gms:play-services-basement:17.0.0] AndroidManifest.xml:20:5-44
MERGED from [com.google.android.gms:play-services-basement:17.0.0] AndroidManifest.xml:20:5-44
MERGED from [androidx.fragment:fragment:1.4.0] AndroidManifest.xml:20:5-22:41
MERGED from [androidx.fragment:fragment:1.4.0] AndroidManifest.xml:20:5-22:41
MERGED from [androidx.activity:activity:1.2.4] AndroidManifest.xml:20:5-22:41
MERGED from [androidx.activity:activity:1.2.4] AndroidManifest.xml:20:5-22:41
MERGED from [androidx.appcompat:appcompat-resources:1.4.1] AndroidManifest.xml:20:5-22:41
MERGED from [androidx.appcompat:appcompat-resources:1.4.1] AndroidManifest.xml:20:5-22:41
MERGED from [androidx.emoji2:emoji2-views-helper:1.0.0] AndroidManifest.xml:20:5-22:41
MERGED from [androidx.emoji2:emoji2-views-helper:1.0.0] AndroidManifest.xml:20:5-22:41
MERGED from [androidx.emoji2:emoji2:1.0.0] AndroidManifest.xml:21:5-23:41
MERGED from [androidx.emoji2:emoji2:1.0.0] AndroidManifest.xml:21:5-23:41
MERGED from [androidx.drawerlayout:drawerlayout:1.1.1] AndroidManifest.xml:20:5-22:41
MERGED from [androidx.drawerlayout:drawerlayout:1.1.1] AndroidManifest.xml:20:5-22:41
MERGED from [androidx.coordinatorlayout:coordinatorlayout:1.1.0] AndroidManifest.xml:20:5-22:41
MERGED from [androidx.coordinatorlayout:coordinatorlayout:1.1.0] AndroidManifest.xml:20:5-22:41
MERGED from [androidx.dynamicanimation:dynamicanimation:1.0.0] AndroidManifest.xml:20:5-44
MERGED from [androidx.dynamicanimation:dynamicanimation:1.0.0] AndroidManifest.xml:20:5-44
MERGED from [androidx.vectordrawable:vectordrawable-animated:1.1.0] AndroidManifest.xml:20:5-22:41
MERGED from [androidx.vectordrawable:vectordrawable-animated:1.1.0] AndroidManifest.xml:20:5-22:41
MERGED from [androidx.vectordrawable:vectordrawable:1.1.0] AndroidManifest.xml:20:5-22:41
MERGED from [androidx.vectordrawable:vectordrawable:1.1.0] AndroidManifest.xml:20:5-22:41
MERGED from [androidx.slidingpanelayout:slidingpanelayout:1.2.0] AndroidManifest.xml:20:5-22:41
MERGED from [androidx.slidingpanelayout:slidingpanelayout:1.2.0] AndroidManifest.xml:20:5-22:41
MERGED from [androidx.recyclerview:recyclerview:1.1.0] AndroidManifest.xml:20:5-22:41
MERGED from [androidx.recyclerview:recyclerview:1.1.0] AndroidManifest.xml:20:5-22:41
MERGED from [androidx.viewpager:viewpager:1.0.0] AndroidManifest.xml:20:5-44
MERGED from [androidx.viewpager:viewpager:1.0.0] AndroidManifest.xml:20:5-44
MERGED from [androidx.customview:customview:1.1.0] AndroidManifest.xml:20:5-22:41
MERGED from [androidx.customview:customview:1.1.0] AndroidManifest.xml:20:5-22:41
MERGED from [androidx.legacy:legacy-support-core-utils:1.0.0] AndroidManifest.xml:20:5-44
MERGED from [androidx.legacy:legacy-support-core-utils:1.0.0] AndroidManifest.xml:20:5-44
MERGED from [androidx.core:core-ktx:1.2.0] AndroidManifest.xml:5:5-7:41
MERGED from [androidx.core:core-ktx:1.2.0] AndroidManifest.xml:5:5-7:41
MERGED from [androidx.transition:transition:1.4.1] AndroidManifest.xml:20:5-22:41
MERGED from [androidx.transition:transition:1.4.1] AndroidManifest.xml:20:5-22:41
MERGED from [androidx.window:window:1.0.0] AndroidManifest.xml:20:5-22:41
MERGED from [androidx.window:window:1.0.0] AndroidManifest.xml:20:5-22:41
MERGED from [androidx.loader:loader:1.0.0] AndroidManifest.xml:20:5-44
MERGED from [androidx.loader:loader:1.0.0] AndroidManifest.xml:20:5-44
MERGED from [androidx.core:core:1.7.0] AndroidManifest.xml:20:5-22:41
MERGED from [androidx.core:core:1.7.0] AndroidManifest.xml:20:5-22:41
MERGED from [androidx.cursoradapter:cursoradapter:1.0.0] AndroidManifest.xml:20:5-44
MERGED from [androidx.cursoradapter:cursoradapter:1.0.0] AndroidManifest.xml:20:5-44
MERGED from [androidx.lifecycle:lifecycle-viewmodel-savedstate:2.3.1] AndroidManifest.xml:20:5-22:41
MERGED from [androidx.lifecycle:lifecycle-viewmodel-savedstate:2.3.1] AndroidManifest.xml:20:5-22:41
MERGED from [androidx.savedstate:savedstate-ktx:1.1.0] AndroidManifest.xml:20:5-22:41
MERGED from [androidx.savedstate:savedstate-ktx:1.1.0] AndroidManifest.xml:20:5-22:41
MERGED from [androidx.savedstate:savedstate:1.1.0] AndroidManifest.xml:20:5-22:41
MERGED from [androidx.savedstate:savedstate:1.1.0] AndroidManifest.xml:20:5-22:41
MERGED from [androidx.cardview:cardview:1.0.0] AndroidManifest.xml:20:5-44
MERGED from [androidx.cardview:cardview:1.0.0] AndroidManifest.xml:20:5-44
MERGED from [com.google.firebase:firebase-components:17.0.0] AndroidManifest.xml:19:5-21:41
MERGED from [com.google.firebase:firebase-components:17.0.0] AndroidManifest.xml:19:5-21:41
MERGED from [androidx.lifecycle:lifecycle-viewmodel:2.4.0] AndroidManifest.xml:20:5-22:41
MERGED from [androidx.lifecycle:lifecycle-viewmodel:2.4.0] AndroidManifest.xml:20:5-22:41
MERGED from [androidx.versionedparcelable:versionedparcelable:1.1.1] AndroidManifest.xml:20:5-22:41
MERGED from [androidx.versionedparcelable:versionedparcelable:1.1.1] AndroidManifest.xml:20:5-22:41
MERGED from [androidx.lifecycle:lifecycle-process:2.4.0] AndroidManifest.xml:21:5-23:41
MERGED from [androidx.lifecycle:lifecycle-process:2.4.0] AndroidManifest.xml:21:5-23:41
MERGED from [androidx.startup:startup-runtime:1.0.0] AndroidManifest.xml:21:5-23:41
MERGED from [androidx.startup:startup-runtime:1.0.0] AndroidManifest.xml:21:5-23:41
MERGED from [androidx.tracing:tracing:1.0.0] AndroidManifest.xml:20:5-22:41
MERGED from [androidx.tracing:tracing:1.0.0] AndroidManifest.xml:20:5-22:41
MERGED from [androidx.lifecycle:lifecycle-livedata:2.4.0] AndroidManifest.xml:20:5-22:41
MERGED from [androidx.lifecycle:lifecycle-livedata:2.4.0] AndroidManifest.xml:20:5-22:41
MERGED from [androidx.lifecycle:lifecycle-livedata-core-ktx:2.4.0] AndroidManifest.xml:20:5-22:41
MERGED from [androidx.lifecycle:lifecycle-livedata-core-ktx:2.4.0] AndroidManifest.xml:20:5-22:41
MERGED from [androidx.lifecycle:lifecycle-livedata-core:2.4.0] AndroidManifest.xml:20:5-22:41
MERGED from [androidx.lifecycle:lifecycle-livedata-core:2.4.0] AndroidManifest.xml:20:5-22:41
MERGED from [androidx.lifecycle:lifecycle-runtime-ktx:2.3.1] AndroidManifest.xml:20:5-22:41
MERGED from [androidx.lifecycle:lifecycle-runtime-ktx:2.3.1] AndroidManifest.xml:20:5-22:41
MERGED from [androidx.lifecycle:lifecycle-runtime:2.4.0] AndroidManifest.xml:20:5-22:41
MERGED from [androidx.lifecycle:lifecycle-runtime:2.4.0] AndroidManifest.xml:20:5-22:41
MERGED from [androidx.arch.core:core-runtime:2.1.0] AndroidManifest.xml:20:5-22:41
MERGED from [androidx.arch.core:core-runtime:2.1.0] AndroidManifest.xml:20:5-22:41
MERGED from [androidx.interpolator:interpolator:1.0.0] AndroidManifest.xml:20:5-44
MERGED from [androidx.interpolator:interpolator:1.0.0] AndroidManifest.xml:20:5-44
MERGED from [androidx.documentfile:documentfile:1.0.0] AndroidManifest.xml:20:5-44
MERGED from [androidx.documentfile:documentfile:1.0.0] AndroidManifest.xml:20:5-44
MERGED from [androidx.localbroadcastmanager:localbroadcastmanager:1.0.0] AndroidManifest.xml:20:5-44
MERGED from [androidx.localbroadcastmanager:localbroadcastmanager:1.0.0] AndroidManifest.xml:20:5-44
MERGED from [androidx.print:print:1.0.0] AndroidManifest.xml:20:5-44
MERGED from [androidx.print:print:1.0.0] AndroidManifest.xml:20:5-44
MERGED from [androidx.annotation:annotation-experimental:1.1.0] AndroidManifest.xml:20:5-22:41
MERGED from [androidx.annotation:annotation-experimental:1.1.0] AndroidManifest.xml:20:5-22:41
MERGED from [com.google.firebase:protolite-well-known-types:18.0.0] AndroidManifest.xml:7:5-9:41
MERGED from [com.google.firebase:protolite-well-known-types:18.0.0] AndroidManifest.xml:7:5-9:41
MERGED from [io.grpc:grpc-android:1.41.0] AndroidManifest.xml:7:5-9:41
MERGED from [io.grpc:grpc-android:1.41.0] AndroidManifest.xml:7:5-9:41
INJECTED from src/main/AndroidManifest.xml
INJECTED from src/main/AndroidManifest.xml
	android:targetSdkVersion
		INJECTED from src/main/AndroidManifest.xml
		ADDED from src/main/AndroidManifest.xml
		INJECTED from src/main/AndroidManifest.xml
	android:minSdkVersion
		INJECTED from src/main/AndroidManifest.xml
		ADDED from src/main/AndroidManifest.xml
		INJECTED from src/main/AndroidManifest.xml
uses-permission#android.permission.ACCESS_NETWORK_STATE
ADDED from [com.google.android.gms:play-services-maps:17.0.1] AndroidManifest.xml:23:5-79
MERGED from [com.google.firebase:firebase-firestore:24.0.1] AndroidManifest.xml:13:5-79
MERGED from [com.google.firebase:firebase-firestore:24.0.1] AndroidManifest.xml:13:5-79
MERGED from [io.grpc:grpc-android:1.41.0] AndroidManifest.xml:11:5-79
MERGED from [io.grpc:grpc-android:1.41.0] AndroidManifest.xml:11:5-79
	android:name
		ADDED from [com.google.android.gms:play-services-maps:17.0.1] AndroidManifest.xml:23:22-76
uses-permission#android.permission.INTERNET
ADDED from [com.google.android.gms:play-services-maps:17.0.1] AndroidManifest.xml:24:5-67
MERGED from [com.google.firebase:firebase-firestore:24.0.1] AndroidManifest.xml:14:5-67
MERGED from [com.google.firebase:firebase-firestore:24.0.1] AndroidManifest.xml:14:5-67
	android:name
		ADDED from [com.google.android.gms:play-services-maps:17.0.1] AndroidManifest.xml:24:22-64
uses-feature#0x00020000
ADDED from [com.google.android.gms:play-services-maps:17.0.1] AndroidManifest.xml:26:5-28:35
	android:glEsVersion
		ADDED from [com.google.android.gms:play-services-maps:17.0.1] AndroidManifest.xml:27:9-41
	android:required
		ADDED from [com.google.android.gms:play-services-maps:17.0.1] AndroidManifest.xml:28:9-32
queries
ADDED from [com.google.android.gms:play-services-maps:17.0.1] AndroidManifest.xml:30:5-34:15
package#com.google.android.apps.maps
ADDED from [com.google.android.gms:play-services-maps:17.0.1] AndroidManifest.xml:33:9-64
	android:name
		ADDED from [com.google.android.gms:play-services-maps:17.0.1] AndroidManifest.xml:33:18-61
uses-library#org.apache.http.legacy
ADDED from [com.google.android.gms:play-services-maps:17.0.1] AndroidManifest.xml:39:9-41:40
	android:required
		ADDED from [com.google.android.gms:play-services-maps:17.0.1] AndroidManifest.xml:41:13-37
	android:name
		ADDED from [com.google.android.gms:play-services-maps:17.0.1] AndroidManifest.xml:40:13-50
service#com.google.firebase.components.ComponentDiscoveryService
ADDED from [com.google.firebase:firebase-firestore:24.0.1] AndroidManifest.xml:17:9-23:19
MERGED from [com.google.firebase:firebase-common:20.0.0] AndroidManifest.xml:33:9-37:35
MERGED from [com.google.firebase:firebase-common:20.0.0] AndroidManifest.xml:33:9-37:35
	android:exported
		ADDED from [com.google.firebase:firebase-firestore:24.0.1] AndroidManifest.xml:19:13-37
	tools:targetApi
		ADDED from [com.google.firebase:firebase-common:20.0.0] AndroidManifest.xml:37:13-32
	android:directBootAware
		ADDED from [com.google.firebase:firebase-common:20.0.0] AndroidManifest.xml:35:13-43
	android:name
		ADDED from [com.google.firebase:firebase-firestore:24.0.1] AndroidManifest.xml:18:13-84
meta-data#com.google.firebase.components:com.google.firebase.firestore.FirestoreRegistrar
ADDED from [com.google.firebase:firebase-firestore:24.0.1] AndroidManifest.xml:20:13-22:85
	android:value
		ADDED from [com.google.firebase:firebase-firestore:24.0.1] AndroidManifest.xml:22:17-82
	android:name
		ADDED from [com.google.firebase:firebase-firestore:24.0.1] AndroidManifest.xml:21:17-111
provider#com.google.firebase.provider.FirebaseInitProvider
ADDED from [com.google.firebase:firebase-common:20.0.0] AndroidManifest.xml:26:9-31:39
	android:authorities
		ADDED from [com.google.firebase:firebase-common:20.0.0] AndroidManifest.xml:28:13-72
	android:exported
		ADDED from [com.google.firebase:firebase-common:20.0.0] AndroidManifest.xml:30:13-37
	android:directBootAware
		ADDED from [com.google.firebase:firebase-common:20.0.0] AndroidManifest.xml:29:13-43
	android:initOrder
		ADDED from [com.google.firebase:firebase-common:20.0.0] AndroidManifest.xml:31:13-36
	android:name
		ADDED from [com.google.firebase:firebase-common:20.0.0] AndroidManifest.xml:27:13-77
activity#com.google.android.gms.common.api.GoogleApiActivity
ADDED from [com.google.android.gms:play-services-base:17.1.0] AndroidManifest.xml:23:9-26:75
	android:exported
		ADDED from [com.google.android.gms:play-services-base:17.1.0] AndroidManifest.xml:25:13-37
	android:theme
		ADDED from [com.google.android.gms:play-services-base:17.1.0] AndroidManifest.xml:26:13-72
	android:name
		ADDED from [com.google.android.gms:play-services-base:17.1.0] AndroidManifest.xml:24:13-79
meta-data#com.google.android.gms.version
ADDED from [com.google.android.gms:play-services-basement:17.0.0] AndroidManifest.xml:23:9-25:69
	android:value
		ADDED from [com.google.android.gms:play-services-basement:17.0.0] AndroidManifest.xml:25:13-66
	android:name
		ADDED from [com.google.android.gms:play-services-basement:17.0.0] AndroidManifest.xml:24:13-58
provider#androidx.startup.InitializationProvider
ADDED from [androidx.emoji2:emoji2:1.0.0] AndroidManifest.xml:26:9-34:20
MERGED from [androidx.lifecycle:lifecycle-process:2.4.0] AndroidManifest.xml:26:9-34:20
MERGED from [androidx.lifecycle:lifecycle-process:2.4.0] AndroidManifest.xml:26:9-34:20
MERGED from [androidx.startup:startup-runtime:1.0.0] AndroidManifest.xml:26:9-30:34
MERGED from [androidx.startup:startup-runtime:1.0.0] AndroidManifest.xml:26:9-30:34
	tools:node